{
  "RSpec": {
    "coverage": {
      "/Users/kerrysheldon/cfd/Circular/app/helpers/application_helper.rb": [
        1,
        null
      ],
      "/Users/kerrysheldon/cfd/Circular/app/models/apartment.rb": [
        1,
        1,
        null,
        null,
        null
      ],
      "/Users/kerrysheldon/cfd/Circular/app/models/application_record.rb": [
        1,
        1,
        null
      ],
      "/Users/kerrysheldon/cfd/Circular/app/models/petition.rb": [
        1,
        1,
        null,
        null,
        null
      ],
      "/Users/kerrysheldon/cfd/Circular/app/channels/application_cable/channel.rb": [
        0,
        0,
        0,
        0
      ],
      "/Users/kerrysheldon/cfd/Circular/app/channels/application_cable/connection.rb": [
        0,
        0,
        0,
        0
      ],
      "/Users/kerrysheldon/cfd/Circular/app/controllers/apartments_controller.rb": [
        0,
        0,
        0,
        0,
        0,
        0,
        0,
        0,
        0,
        0,
        0,
        0,
        0,
        0,
        0,
        0,
        0,
        0,
        0,
        0,
        0,
        0,
        0,
        0,
        0,
        0
      ],
      "/Users/kerrysheldon/cfd/Circular/app/controllers/application_controller.rb": [
        0,
        0,
        0
      ],
      "/Users/kerrysheldon/cfd/Circular/app/controllers/homes_controller.rb": [
        0,
        0,
        0,
        0,
        0,
        0,
        0,
        0,
        0
      ],
      "/Users/kerrysheldon/cfd/Circular/app/jobs/application_job.rb": [
        0,
        0
      ],
      "/Users/kerrysheldon/cfd/Circular/app/mailers/application_mailer.rb": [
        0,
        0,
        0,
        0
      ]
    },
    "timestamp": 1479187046
  }
}
